2024-07-02 12:21:31 [INFO] - Unexpected error: [Errno 22] Invalid argument
2024-07-02 12:21:50 [INFO] - Unexpected error: [Errno 22] Invalid argument
2024-07-02 12:22:07 [INFO] - Unexpected error: [Errno 22] Invalid argument
2024-07-02 12:22:18 [INFO] - Unexpected error: [Errno 22] Invalid argument
2024-07-02 12:22:19 [INFO] - Unexpected error: [Errno 22] Invalid argument
2024-07-02 12:22:43 [INFO] - Unexpected error: [Errno 22] Invalid argument
2024-07-02 12:22:51 [INFO] - Unexpected error: [Errno 22] Invalid argument
2024-07-02 12:23:06 [INFO] - Unexpected error: [Errno 22] Invalid argument
2024-07-02 12:23:16 [INFO] - Unexpected error: [Errno 22] Invalid argument
2024-07-02 12:23:17 [INFO] - Unexpected error: [Errno 22] Invalid argument
2024-07-02 12:23:28 [INFO] - Unexpected error: [Errno 22] Invalid argument
2024-07-02 12:23:40 [INFO] - Unexpected error: [Errno 22] Invalid argument
2024-07-02 12:23:51 [INFO] - Unexpected error: [Errno 22] Invalid argument
2024-07-02 12:24:06 [INFO] - Unexpected error: [Errno 22] Invalid argument
2024-07-02 12:24:10 [INFO] - Unexpected error: [Errno 22] Invalid argument
2024-07-02 12:24:20 [INFO] - Unexpected error: [Errno 22] Invalid argument
2024-07-02 12:24:31 [INFO] - Unexpected error: [Errno 22] Invalid argument
2024-07-02 12:24:32 [INFO] - Unexpected error: [Errno 22] Invalid argument
2024-07-02 12:24:45 [INFO] - Unexpected error: [Errno 22] Invalid argument
2024-07-02 12:24:50 [INFO] - Unexpected error: [Errno 22] Invalid argument
2024-07-02 12:24:58 [INFO] - Unexpected error: [Errno 22] Invalid argument
2024-07-02 12:25:07 [INFO] - Unexpected error: [Errno 22] Invalid argument
2024-07-02 12:25:17 [INFO] - Unexpected error: [Errno 22] Invalid argument
2024-07-02 12:25:21 [INFO] - Unexpected error: [Errno 22] Invalid argument
2024-07-02 12:25:28 [INFO] - Unexpected error: [Errno 22] Invalid argument
2024-07-02 12:25:38 [INFO] - Unexpected error: [Errno 22] Invalid argument
2024-07-02 12:25:47 [INFO] - Unexpected error: [Errno 22] Invalid argument
2024-07-02 12:25:50 [INFO] - Unexpected error: [Errno 22] Invalid argument
2024-07-02 12:25:58 [INFO] - Unexpected error: [Errno 22] Invalid argument
2024-07-02 12:26:07 [INFO] - Unexpected error: [Errno 22] Invalid argument
2024-07-02 12:26:18 [INFO] - Unexpected error: [Errno 22] Invalid argument
2024-07-02 12:26:25 [INFO] - Unexpected error: [Errno 22] Invalid argument
2024-07-02 12:26:32 [INFO] - Unexpected error: [Errno 22] Invalid argument
2024-07-02 12:26:33 [INFO] - Unexpected error: [Errno 22] Invalid argument
2024-07-02 12:26:45 [INFO] - Unexpected error: [Errno 22] Invalid argument
2024-07-02 12:26:51 [INFO] - Unexpected error: [Errno 22] Invalid argument
2024-07-02 12:27:36 [INFO] - Unexpected error: [Errno 22] Invalid argument
2024-07-02 12:27:46 [INFO] - Unexpected error: [Errno 22] Invalid argument
2024-07-02 12:27:49 [INFO] - Unexpected error: [Errno 22] Invalid argument
2024-07-02 12:28:03 [INFO] - Unexpected error: [Errno 22] Invalid argument
2024-07-02 12:28:04 [INFO] - Unexpected error: [Errno 22] Invalid argument
2024-07-02 12:28:14 [INFO] - Unexpected error: [Errno 22] Invalid argument
2024-07-02 12:28:25 [INFO] - Unexpected error: [Errno 22] Invalid argument
2024-07-02 12:28:38 [INFO] - Unexpected error: [Errno 22] Invalid argument
2024-07-02 12:28:49 [INFO] - Unexpected error: [Errno 22] Invalid argument
2024-07-02 12:28:51 [INFO] - Unexpected error: [Errno 22] Invalid argument
2024-07-02 12:29:01 [INFO] - Unexpected error: [Errno 22] Invalid argument
2024-07-02 12:29:21 [INFO] - Unexpected error: [Errno 22] Invalid argument
2024-07-02 12:29:33 [INFO] - Unexpected error: [Errno 22] Invalid argument
2024-07-02 12:29:45 [INFO] - Unexpected error: [Errno 22] Invalid argument
2024-07-02 12:29:47 [INFO] - Unexpected error: [Errno 22] Invalid argument
2024-07-02 12:29:59 [INFO] - Unexpected error: [Errno 22] Invalid argument
2024-07-02 12:29:59 [INFO] - Unexpected error: [Errno 22] Invalid argument
2024-07-02 12:30:12 [INFO] - Unexpected error: [Errno 22] Invalid argument
2024-07-02 12:30:23 [INFO] - Unexpected error: [Errno 22] Invalid argument
2024-07-02 12:30:36 [INFO] - Unexpected error: [Errno 22] Invalid argument
2024-07-02 12:30:48 [INFO] - Unexpected error: [Errno 22] Invalid argument
2024-07-02 12:30:56 [INFO] - Unexpected error: [Errno 22] Invalid argument
2024-07-02 12:31:15 [INFO] - Unexpected error: [Errno 22] Invalid argument
2024-07-02 12:31:22 [INFO] - Unexpected error: [Errno 22] Invalid argument
2024-07-02 12:32:04 [INFO] - Error parsing header fields: invalid literal for int() with base 16: ''
2024-07-02 12:32:04 [INFO] - Unexpected error: cannot unpack non-iterable NoneType object
2024-07-02 13:21:46 [INFO] - Unexpected error: [Errno 22] Invalid argument
2024-07-02 13:21:57 [INFO] - Unexpected error: [Errno 22] Invalid argument
2024-07-02 13:22:06 [INFO] - Unexpected error: [Errno 22] Invalid argument
2024-07-02 13:22:09 [INFO] - Unexpected error: [Errno 22] Invalid argument
2024-07-02 13:22:18 [INFO] - Unexpected error: [Errno 22] Invalid argument
2024-07-02 13:22:27 [INFO] - Unexpected error: [Errno 22] Invalid argument
2024-07-02 13:22:41 [INFO] - Unexpected error: [Errno 22] Invalid argument
2024-07-02 13:22:54 [INFO] - Unexpected error: [Errno 22] Invalid argument
2024-07-02 13:22:56 [INFO] - Unexpected error: [Errno 22] Invalid argument
2024-07-02 13:23:05 [INFO] - Unexpected error: [Errno 22] Invalid argument
2024-07-02 13:23:14 [INFO] - Unexpected error: [Errno 22] Invalid argument
2024-07-02 13:23:25 [INFO] - Unexpected error: [Errno 22] Invalid argument
2024-07-02 13:23:27 [INFO] - Unexpected error: [Errno 22] Invalid argument
2024-07-02 13:23:49 [INFO] - Unexpected error: [Errno 22] Invalid argument
2024-07-02 13:23:58 [INFO] - Unexpected error: [Errno 22] Invalid argument
2024-07-02 13:24:01 [INFO] - Unexpected error: [Errno 22] Invalid argument
2024-07-02 13:24:02 [INFO] - Unexpected error: [Errno 22] Invalid argument
2024-07-02 13:24:08 [INFO] - Unexpected error: [Errno 22] Invalid argument
2024-07-02 13:24:09 [INFO] - Unexpected error: [Errno 22] Invalid argument
2024-07-02 13:24:17 [INFO] - Unexpected error: [Errno 22] Invalid argument
2024-07-02 13:24:22 [INFO] - Unexpected error: [Errno 22] Invalid argument
2024-07-02 13:24:24 [INFO] - Unexpected error: [Errno 22] Invalid argument
2024-07-02 13:24:30 [INFO] - Unexpected error: [Errno 22] Invalid argument
2024-07-02 13:24:32 [INFO] - Unexpected error: [Errno 22] Invalid argument
2024-07-02 13:24:33 [INFO] - Unexpected error: [Errno 22] Invalid argument
2024-07-02 13:24:38 [INFO] - Unexpected error: [Errno 22] Invalid argument
2024-07-02 13:24:43 [INFO] - Unexpected error: [Errno 22] Invalid argument
2024-07-02 13:24:53 [INFO] - Unexpected error: [Errno 22] Invalid argument
2024-07-02 13:24:56 [INFO] - Unexpected error: [Errno 22] Invalid argument
2024-07-02 13:24:56 [INFO] - Unexpected error: [Errno 22] Invalid argument
2024-07-02 13:25:00 [INFO] - Unexpected error: [Errno 22] Invalid argument
2024-07-02 13:25:02 [INFO] - Unexpected error: [Errno 22] Invalid argument
2024-07-02 13:25:06 [INFO] - Unexpected error: [Errno 22] Invalid argument
2024-07-02 13:25:27 [INFO] - Unexpected error: [Errno 22] Invalid argument
2024-07-02 13:25:27 [INFO] - Unexpected error: [Errno 22] Invalid argument
2024-07-02 13:25:33 [INFO] - Unexpected error: [Errno 22] Invalid argument
2024-07-02 13:25:52 [INFO] - Unexpected error: [Errno 22] Invalid argument
2024-07-02 13:25:53 [INFO] - Unexpected error: [Errno 22] Invalid argument
2024-07-02 13:25:54 [INFO] - Unexpected error: [Errno 22] Invalid argument
2024-07-02 13:26:26 [INFO] - Unexpected error: [Errno 22] Invalid argument
2024-07-02 13:26:27 [INFO] - Unexpected error: [Errno 22] Invalid argument
2024-07-02 13:26:32 [INFO] - Unexpected error: [Errno 22] Invalid argument
2024-07-02 13:26:33 [INFO] - Unexpected error: [Errno 22] Invalid argument
2024-07-02 13:26:34 [INFO] - Unexpected error: [Errno 22] Invalid argument
2024-07-02 13:31:24 [INFO] - Unexpected error: [Errno 22] Invalid argument
2024-07-02 13:31:31 [INFO] - Unexpected error: [Errno 22] Invalid argument
2024-07-02 13:31:37 [INFO] - Unexpected error: [Errno 22] Invalid argument
2024-07-02 13:36:00 [INFO] - Error parsing header fields: invalid literal for int() with base 16: ''
2024-07-02 13:36:00 [INFO] - Unexpected error: cannot unpack non-iterable NoneType object
2024-07-02 13:37:46 [INFO] - Unexpected error: [Errno 22] Invalid argument
2024-07-02 13:39:48 [INFO] - Error parsing data at position 1070: Incomplete second IO element header
2024-07-02 13:39:48 [INFO] - Unexpected error: cannot unpack non-iterable NoneType object
2024-07-02 13:39:48 [INFO] - Unwanted codec_id: 0c
2024-07-02 13:39:48 [INFO] - Unexpected error: cannot unpack non-iterable NoneType object
2024-07-02 18:03:20 [INFO] - Unexpected error: [WinError 1225] The remote computer refused the network connection
2024-07-02 18:03:22 [INFO] - Unexpected error: [WinError 1225] The remote computer refused the network connection
2024-07-02 18:03:24 [INFO] - Unexpected error: [WinError 1225] The remote computer refused the network connection
2024-07-02 18:03:26 [INFO] - Unexpected error: [WinError 1225] The remote computer refused the network connection
2024-07-02 18:03:28 [INFO] - Unexpected error: [WinError 1225] The remote computer refused the network connection
2024-07-02 18:03:30 [INFO] - Unexpected error: [WinError 1225] The remote computer refused the network connection
2024-07-02 18:03:32 [INFO] - Unexpected error: [WinError 1225] The remote computer refused the network connection
2024-07-02 18:03:34 [INFO] - Unexpected error: [WinError 1225] The remote computer refused the network connection
2024-07-02 18:03:36 [INFO] - Unexpected error: [WinError 1225] The remote computer refused the network connection
